!SESSION 2013-11-22 17:59:52.032 -----------------------------------------------
eclipse.buildId=4.3.0.M20130911-1000
java.version=1.7.0_25
java.vendor=Oracle Corporation
BootLoader constants: OS=linux, ARCH=x86_64, WS=gtk, NL=fr_FR
Framework arguments:  -product org.eclipse.epp.package.standard.product
Command-line arguments:  -os linux -ws gtk -arch x86_64 -product org.eclipse.epp.package.standard.product

!ENTRY org.python.pydev.shared_core 4 4 2013-11-22 18:02:38.839
!MESSAGE No output was in the standard output when trying to create the interpreter info.
The error output contains:>>Traceback (most recent call last):
  File "/home/personnels/gupta/lib/python2.7/site.py", line 548, in <module>
    main()
  File "/home/personnels/gupta/lib/python2.7/site.py", line 530, in main
    known_paths = addusersitepackages(known_paths)
  File "/home/personnels/gupta/lib/python2.7/site.py", line 266, in addusersitepackages
    user_site = getusersitepackages()
  File "/home/personnels/gupta/lib/python2.7/site.py", line 241, in getusersitepackages
    user_base = getuserbase() # this will also set USER_BASE
  File "/home/personnels/gupta/lib/python2.7/site.py", line 231, in getuserbase
    USER_BASE = get_config_var('userbase')
  File "/home/personnels/gupta/lib/python2.7/sysconfig.py", line 516, in get_config_var
    return get_config_vars().get(name)
  File "/home/personnels/gupta/lib/python2.7/sysconfig.py", line 449, in get_config_vars
    import re
  File "/home/personnels/gupta/lib/python2.7/re.py", line 105, in <module>
    import sre_compile
  File "/home/personnels/gupta/lib/python2.7/sre_compile.py", line 14, in <module>
    import sre_parse
  File "/home/personnels/gupta/lib/python2.7/sre_parse.py", line 17, in <module>
    from sre_constants import *
  File "/home/personnels/gupta/lib/python2.7/sre_constants.py", line 18, in <module>
    from _sre import MAXREPEAT
ImportError: cannot import name MAXREPEAT
<<
!STACK 0
java.lang.RuntimeException: No output was in the standard output when trying to create the interpreter info.
The error output contains:>>Traceback (most recent call last):
  File "/home/personnels/gupta/lib/python2.7/site.py", line 548, in <module>
    main()
  File "/home/personnels/gupta/lib/python2.7/site.py", line 530, in main
    known_paths = addusersitepackages(known_paths)
  File "/home/personnels/gupta/lib/python2.7/site.py", line 266, in addusersitepackages
    user_site = getusersitepackages()
  File "/home/personnels/gupta/lib/python2.7/site.py", line 241, in getusersitepackages
    user_base = getuserbase() # this will also set USER_BASE
  File "/home/personnels/gupta/lib/python2.7/site.py", line 231, in getuserbase
    USER_BASE = get_config_var('userbase')
  File "/home/personnels/gupta/lib/python2.7/sysconfig.py", line 516, in get_config_var
    return get_config_vars().get(name)
  File "/home/personnels/gupta/lib/python2.7/sysconfig.py", line 449, in get_config_vars
    import re
  File "/home/personnels/gupta/lib/python2.7/re.py", line 105, in <module>
    import sre_compile
  File "/home/personnels/gupta/lib/python2.7/sre_compile.py", line 14, in <module>
    import sre_parse
  File "/home/personnels/gupta/lib/python2.7/sre_parse.py", line 17, in <module>
    from sre_constants import *
  File "/home/personnels/gupta/lib/python2.7/sre_constants.py", line 18, in <module>
    from _sre import MAXREPEAT
ImportError: cannot import name MAXREPEAT
<<
	at org.python.pydev.ui.interpreters.AbstractInterpreterManager.createInfoFromOutput(AbstractInterpreterManager.java:422)
	at org.python.pydev.ui.interpreters.PythonInterpreterManager.doCreateInterpreterInfo(PythonInterpreterManager.java:71)
	at org.python.pydev.ui.interpreters.PythonInterpreterManager.internalCreateInterpreterInfo(PythonInterpreterManager.java:44)
	at org.python.pydev.ui.interpreters.AbstractInterpreterManager.createInterpreterInfo(AbstractInterpreterManager.java:373)
	at org.python.pydev.ui.pythonpathconf.ObtainInterpreterInfoOperation.run(ObtainInterpreterInfoOperation.java:78)
	at org.eclipse.jface.operation.ModalContext$ModalContextThread.run(ModalContext.java:121)

!ENTRY org.python.pydev.shared_core 1 1 2013-11-22 18:02:55.710
!MESSAGE Information about process of adding new interpreter:
- Chosen interpreter (name and file):'Tuple [python -- /usr/bin/python2.7]
- Ok, file is non-null. Getting info on:/usr/bin/python2.7
- Beggining task:Getting libs totalWork:100
- Setting task name:Mounting executable string...
- Setting task name:Executing:  /usr/bin/python2.7 -u /home/personnels/gupta/Code/eclipse/plugins/org.python.pydev_2.8.2.2013090511/pysrc/interpreterInfo.py
- Setting task name:Making pythonpath environment... /usr/bin/python2.7 -u /home/personnels/gupta/Code/eclipse/plugins/org.python.pydev_2.8.2.2013090511/pysrc/interpreterInfo.py
- Setting task name:Making exec... /usr/bin/python2.7 -u /home/personnels/gupta/Code/eclipse/plugins/org.python.pydev_2.8.2.2013090511/pysrc/interpreterInfo.py
- Setting task name:Reading output...
- Setting task name:Waiting for process to finish.
Exception detected: No output was in the standard output when trying to create the interpreter info.
The error output contains:>>Traceback (most recent call last):
  File "/home/personnels/gupta/lib/python2.7/site.py", line 548, in <module>
    main()
  File "/home/personnels/gupta/lib/python2.7/site.py", line 530, in main
    known_paths = addusersitepackages(known_paths)
  File "/home/personnels/gupta/lib/python2.7/site.py", line 266, in addusersitepackages
    user_site = getusersitepackages()
  File "/home/personnels/gupta/lib/python2.7/site.py", line 241, in getusersitepackages
    user_base = getuserbase() # this will also set USER_BASE
  File "/home/personnels/gupta/lib/python2.7/site.py", line 231, in getuserbase
    USER_BASE = get_config_var('userbase')
  File "/home/personnels/gupta/lib/python2.7/sysconfig.py", line 516, in get_config_var
    return get_config_vars().get(name)
  File "/home/personnels/gupta/lib/python2.7/sysconfig.py", line 449, in get_config_vars
    import re
  File "/home/personnels/gupta/lib/python2.7/re.py", line 105, in <module>
    import sre_compile
  File "/home/personnels/gupta/lib/python2.7/sre_compile.py", line 14, in <module>
    import sre_parse
  File "/home/personnels/gupta/lib/python2.7/sre_parse.py", line 17, in <module>
    from sre_constants import *
  File "/home/personnels/gupta/lib/python2.7/sre_constants.py", line 18, in <module>
    from _sre import MAXREPEAT
ImportError: cannot import name MAXREPEAT
<<
- Some error happened while getting info on the interpreter:
java.lang.RuntimeException: No output was in the standard output when trying to create the interpreter info.
The error output contains:>>Traceback (most recent call last):
  File "/home/personnels/gupta/lib/python2.7/site.py", line 548, in <module>
    main()
  File "/home/personnels/gupta/lib/python2.7/site.py", line 530, in main
    known_paths = addusersitepackages(known_paths)
  File "/home/personnels/gupta/lib/python2.7/site.py", line 266, in addusersitepackages
    user_site = getusersitepackages()
  File "/home/personnels/gupta/lib/python2.7/site.py", line 241, in getusersitepackages
    user_base = getuserbase() # this will also set USER_BASE
  File "/home/personnels/gupta/lib/python2.7/site.py", line 231, in getuserbase
    USER_BASE = get_config_var('userbase')
  File "/home/personnels/gupta/lib/python2.7/sysconfig.py", line 516, in get_config_var
    return get_config_vars().get(name)
  File "/home/personnels/gupta/lib/python2.7/sysconfig.py", line 449, in get_config_vars
    import re
  File "/home/personnels/gupta/lib/python2.7/re.py", line 105, in <module>
    import sre_compile
  File "/home/personnels/gupta/lib/python2.7/sre_compile.py", line 14, in <module>
    import sre_parse
  File "/home/personnels/gupta/lib/python2.7/sre_parse.py", line 17, in <module>
    from sre_constants import *
  File "/home/personnels/gupta/lib/python2.7/sre_constants.py", line 18, in <module>
    from _sre import MAXREPEAT
ImportError: cannot import name MAXREPEAT
<<
	at org.python.pydev.ui.interpreters.AbstractInterpreterManager.createInfoFromOutput(AbstractInterpreterManager.java:422)
	at org.python.pydev.ui.interpreters.PythonInterpreterManager.doCreateInterpreterInfo(PythonInterpreterManager.java:71)
	at org.python.pydev.ui.interpreters.PythonInterpreterManager.internalCreateInterpreterInfo(PythonInterpreterManager.java:44)
	at org.python.pydev.ui.interpreters.AbstractInterpreterManager.createInterpreterInfo(AbstractInterpreterManager.java:373)
	at org.python.pydev.ui.pythonpathconf.ObtainInterpreterInfoOperation.run(ObtainInterpreterInfoOperation.java:78)
	at org.eclipse.jface.operation.ModalContext$ModalContextThread.run(ModalContext.java:121)

!STACK 0
java.lang.RuntimeException: Information about process of adding new interpreter:
- Chosen interpreter (name and file):'Tuple [python -- /usr/bin/python2.7]
- Ok, file is non-null. Getting info on:/usr/bin/python2.7
- Beggining task:Getting libs totalWork:100
- Setting task name:Mounting executable string...
- Setting task name:Executing:  /usr/bin/python2.7 -u /home/personnels/gupta/Code/eclipse/plugins/org.python.pydev_2.8.2.2013090511/pysrc/interpreterInfo.py
- Setting task name:Making pythonpath environment... /usr/bin/python2.7 -u /home/personnels/gupta/Code/eclipse/plugins/org.python.pydev_2.8.2.2013090511/pysrc/interpreterInfo.py
- Setting task name:Making exec... /usr/bin/python2.7 -u /home/personnels/gupta/Code/eclipse/plugins/org.python.pydev_2.8.2.2013090511/pysrc/interpreterInfo.py
- Setting task name:Reading output...
- Setting task name:Waiting for process to finish.
Exception detected: No output was in the standard output when trying to create the interpreter info.
The error output contains:>>Traceback (most recent call last):
  File "/home/personnels/gupta/lib/python2.7/site.py", line 548, in <module>
    main()
  File "/home/personnels/gupta/lib/python2.7/site.py", line 530, in main
    known_paths = addusersitepackages(known_paths)
  File "/home/personnels/gupta/lib/python2.7/site.py", line 266, in addusersitepackages
    user_site = getusersitepackages()
  File "/home/personnels/gupta/lib/python2.7/site.py", line 241, in getusersitepackages
    user_base = getuserbase() # this will also set USER_BASE
  File "/home/personnels/gupta/lib/python2.7/site.py", line 231, in getuserbase
    USER_BASE = get_config_var('userbase')
  File "/home/personnels/gupta/lib/python2.7/sysconfig.py", line 516, in get_config_var
    return get_config_vars().get(name)
  File "/home/personnels/gupta/lib/python2.7/sysconfig.py", line 449, in get_config_vars
    import re
  File "/home/personnels/gupta/lib/python2.7/re.py", line 105, in <module>
    import sre_compile
  File "/home/personnels/gupta/lib/python2.7/sre_compile.py", line 14, in <module>
    import sre_parse
  File "/home/personnels/gupta/lib/python2.7/sre_parse.py", line 17, in <module>
    from sre_constants import *
  File "/home/personnels/gupta/lib/python2.7/sre_constants.py", line 18, in <module>
    from _sre import MAXREPEAT
ImportError: cannot import name MAXREPEAT
<<
- Some error happened while getting info on the interpreter:
java.lang.RuntimeException: No output was in the standard output when trying to create the interpreter info.
The error output contains:>>Traceback (most recent call last):
  File "/home/personnels/gupta/lib/python2.7/site.py", line 548, in <module>
    main()
  File "/home/personnels/gupta/lib/python2.7/site.py", line 530, in main
    known_paths = addusersitepackages(known_paths)
  File "/home/personnels/gupta/lib/python2.7/site.py", line 266, in addusersitepackages
    user_site = getusersitepackages()
  File "/home/personnels/gupta/lib/python2.7/site.py", line 241, in getusersitepackages
    user_base = getuserbase() # this will also set USER_BASE
  File "/home/personnels/gupta/lib/python2.7/site.py", line 231, in getuserbase
    USER_BASE = get_config_var('userbase')
  File "/home/personnels/gupta/lib/python2.7/sysconfig.py", line 516, in get_config_var
    return get_config_vars().get(name)
  File "/home/personnels/gupta/lib/python2.7/sysconfig.py", line 449, in get_config_vars
    import re
  File "/home/personnels/gupta/lib/python2.7/re.py", line 105, in <module>
    import sre_compile
  File "/home/personnels/gupta/lib/python2.7/sre_compile.py", line 14, in <module>
    import sre_parse
  File "/home/personnels/gupta/lib/python2.7/sre_parse.py", line 17, in <module>
    from sre_constants import *
  File "/home/personnels/gupta/lib/python2.7/sre_constants.py", line 18, in <module>
    from _sre import MAXREPEAT
ImportError: cannot import name MAXREPEAT
<<
	at org.python.pydev.ui.interpreters.AbstractInterpreterManager.createInfoFromOutput(AbstractInterpreterManager.java:422)
	at org.python.pydev.ui.interpreters.PythonInterpreterManager.doCreateInterpreterInfo(PythonInterpreterManager.java:71)
	at org.python.pydev.ui.interpreters.PythonInterpreterManager.internalCreateInterpreterInfo(PythonInterpreterManager.java:44)
	at org.python.pydev.ui.interpreters.AbstractInterpreterManager.createInterpreterInfo(AbstractInterpreterManager.java:373)
	at org.python.pydev.ui.pythonpathconf.ObtainInterpreterInfoOperation.run(ObtainInterpreterInfoOperation.java:78)
	at org.eclipse.jface.operation.ModalContext$ModalContextThread.run(ModalContext.java:121)

	at org.python.pydev.core.log.Log.logInfo(Log.java:63)
	at org.python.pydev.ui.pythonpathconf.AutoConfigMaker.autoConfigAttempt(AutoConfigMaker.java:154)
	at org.python.pydev.ui.PyProjectPythonDetails$ProjectInterpreterAndGrammarConfig$2.widgetSelected(PyProjectPythonDetails.java:245)
	at org.eclipse.swt.widgets.TypedListener.handleEvent(TypedListener.java:248)
	at org.eclipse.swt.widgets.EventTable.sendEvent(EventTable.java:84)
	at org.eclipse.swt.widgets.Widget.sendEvent(Widget.java:1392)
	at org.eclipse.swt.widgets.Widget.sendEvent(Widget.java:1416)
	at org.eclipse.swt.widgets.Widget.sendSelectionEvent(Widget.java:1530)
	at org.eclipse.swt.widgets.Link.gtk_button_release_event(Link.java:361)
	at org.eclipse.swt.widgets.Widget.windowProc(Widget.java:2079)
	at org.eclipse.swt.widgets.Control.windowProc(Control.java:5467)
	at org.eclipse.swt.widgets.Display.windowProc(Display.java:4569)
	at org.eclipse.swt.internal.gtk.OS._gtk_main_do_event(Native Method)
	at org.eclipse.swt.internal.gtk.OS.gtk_main_do_event(OS.java:8742)
	at org.eclipse.swt.widgets.Display.eventProc(Display.java:1243)
	at org.eclipse.swt.internal.gtk.OS._g_main_context_iteration(Native Method)
	at org.eclipse.swt.internal.gtk.OS.g_main_context_iteration(OS.java:2288)
	at org.eclipse.swt.widgets.Display.readAndDispatch(Display.java:3361)
	at org.eclipse.jface.window.Window.runEventLoop(Window.java:826)
	at org.eclipse.jface.window.Window.open(Window.java:802)
	at org.eclipse.ui.internal.actions.NewWizardShortcutAction.run(NewWizardShortcutAction.java:135)
	at org.eclipse.jface.action.Action.runWithEvent(Action.java:499)
	at org.eclipse.jface.action.ActionContributionItem.handleWidgetSelection(ActionContributionItem.java:584)
	at org.eclipse.jface.action.ActionContributionItem.access$2(ActionContributionItem.java:501)
	at org.eclipse.jface.action.ActionContributionItem$5.handleEvent(ActionContributionItem.java:411)
	at org.eclipse.swt.widgets.EventTable.sendEvent(EventTable.java:84)
	at org.eclipse.swt.widgets.Widget.sendEvent(Widget.java:1392)
	at org.eclipse.swt.widgets.Display.runDeferredEvents(Display.java:3742)
	at org.eclipse.swt.widgets.Display.readAndDispatch(Display.java:3363)
	at org.eclipse.e4.ui.internal.workbench.swt.PartRenderingEngine$9.run(PartRenderingEngine.java:1113)
	at org.eclipse.core.databinding.observable.Realm.runWithDefault(Realm.java:332)
	at org.eclipse.e4.ui.internal.workbench.swt.PartRenderingEngine.run(PartRenderingEngine.java:997)
	at org.eclipse.e4.ui.internal.workbench.E4Workbench.createAndRunUI(E4Workbench.java:138)
	at org.eclipse.ui.internal.Workbench$5.run(Workbench.java:610)
	at org.eclipse.core.databinding.observable.Realm.runWithDefault(Realm.java:332)
	at org.eclipse.ui.internal.Workbench.createAndRunWorkbench(Workbench.java:567)
	at org.eclipse.ui.PlatformUI.createAndRunWorkbench(PlatformUI.java:150)
	at org.eclipse.ui.internal.ide.application.IDEApplication.start(IDEApplication.java:124)
	at org.eclipse.equinox.internal.app.EclipseAppHandle.run(EclipseAppHandle.java:196)
	at org.eclipse.core.runtime.internal.adaptor.EclipseAppLauncher.runApplication(EclipseAppLauncher.java:110)
	at org.eclipse.core.runtime.internal.adaptor.EclipseAppLauncher.start(EclipseAppLauncher.java:79)
	at org.eclipse.core.runtime.adaptor.EclipseStarter.run(EclipseStarter.java:354)
	at org.eclipse.core.runtime.adaptor.EclipseStarter.run(EclipseStarter.java:181)
	at sun.reflect.NativeMethodAccessorImpl.invoke0(Native Method)
	at sun.reflect.NativeMethodAccessorImpl.invoke(NativeMethodAccessorImpl.java:57)
	at sun.reflect.DelegatingMethodAccessorImpl.invoke(DelegatingMethodAccessorImpl.java:43)
	at java.lang.reflect.Method.invoke(Method.java:606)
	at org.eclipse.equinox.launcher.Main.invokeFramework(Main.java:636)
	at org.eclipse.equinox.launcher.Main.basicRun(Main.java:591)
	at org.eclipse.equinox.launcher.Main.run(Main.java:1450)
	at org.eclipse.equinox.launcher.Main.main(Main.java:1426)
